<?xml version="1.0" encoding="UTF-8"?>
<testng-results ignored="0" total="1" passed="1" failed="0" skipped="0">
  <reporter-output>
  </reporter-output>
  <suite started-at="2024-04-20T23:15:57 IST" name="Default suite" finished-at="2024-04-20T23:15:57 IST" duration-ms="173">
    <groups>
    </groups>
    <test started-at="2024-04-20T23:15:57 IST" name="Default test" finished-at="2024-04-20T23:15:57 IST" duration-ms="173">
      <class name="PracticeCode.Practice1">
        <test-method signature="demo()[pri:0, instance:PracticeCode.Practice1@7526515b]" started-at="2024-04-20T23:15:57 IST" name="demo" finished-at="2024-04-20T23:15:57 IST" duration-ms="33" status="PASS">
          <reporter-output>
          </reporter-output>
        </test-method> <!-- demo -->
      </class> <!-- PracticeCode.Practice1 -->
    </test> <!-- Default test -->
  </suite> <!-- Default suite -->
</testng-results>
